12b8087d0a28b4af519a6c1232db14ac
173.255.195.247 - - [Sat, 21 Jan 2012 20:18:34 GMT] "GET /hubbub/?hub.challenge=12b8087d0a28b4af519a6c1232db14ac&hub.lease_seconds=315360000&hub.mode=subscribe&hub.topic=http%3A%2F%2Fsearch.twitter.com%2Fsearch.atom%3Fq%3DSan%2BFrancisco&hub.verify_token=please_put1random_string HTTP/1.1" 200 32 "-" "Superfeedr: Hub URI extractor/1.0"
{ status: 
   { code: 200,
     http: '17786B in 0.300956593s, 7/15 new entries',
     nextFetch: 1327177249,
     title: 'San Francisco - Twitter Search',
     entriesCountSinceLastMaintenance: 17626,
     period: '90',
     lastFetch: 1327177155,
     lastParse: 1327177155,
     lastMaintenanceAt: 1215824721,
     digest: false,
     feed: 'http://search.twitter.com/search.atom?q=San+Francisco' },
  updated: 1327177155,
  id: 'http://search.twitter.com/search.atom?q=San+Francisco',
  title: 'San Francisco - Twitter Search',
  subtitle: '',
  standardLinks: 
   { self: [ [Object] ],
     search: [ [Object] ],
     refresh: [ [Object] ],
     next: [ [Object] ] },
  permalinkUrl: 'http://search.twitter.com/search?q=San+Francisco',
  items: 
   [ { id: 'tag:search.twitter.com,2005:160818620010725377',
       postedTime: 1327177121,
       updated: 1327177121,
       title: 'RT @alexaquino: Releases today at BLACK SCALE San Francisco http://t.co/7ifkNbtx',
       summary: '',
       content: 'RT @<a class=" " href="http://twitter.com/alexaquino">alexaquino</a>: Releases today at BLACK SCALE <em>San</em> <em>Francisco</em> <a href="http://t.co/7ifkNbtx">http://t.co/7ifkNbtx</a>',
       permalinkUrl: 'http://twitter.com/papalote415/statuses/160818620010725377',
       image: 'http://a2.twimg.com/profile_images/1746882898/image_normal.jpg',
       actor: [Object] },
     { id: 'tag:search.twitter.com,2005:160818603107692544',
       postedTime: 1327177117,
       updated: 1327177117,
       title: 'http://t.co/IfQH2idX TV nostalgia bonus points for my San Francisco address for the weekend. Stoop included! #277',
       summary: '',
       content: '<a href="http://t.co/IfQH2idX">http://t.co/IfQH2idX</a> TV nostalgia bonus points for my <em>San</em> <em>Francisco</em> address for the weekend. Stoop included! #277',
       permalinkUrl: 'http://twitter.com/CleftClips/statuses/160818603107692544',
       image: 'http://a1.twimg.com/profile_images/1744790896/2012-01-09-16-40-00-334_normal.jpg',
       actor: [Object] },
     { id: 'tag:search.twitter.com,2005:160818572149526528',
       postedTime: 1327177110,
       updated: 1327177110,
       title: 'finally at san francisco. crossing the bay bridge.',
       summary: '',
       content: 'finally at <em>san</em> <em>francisco</em>. crossing the bay bridge.',
       permalinkUrl: 'http://twitter.com/yoselinlopez/statuses/160818572149526528',
       image: 'http://a2.twimg.com/profile_images/1759910287/me_and_doris__normal.jpg',
       actor: [Object] },
     { id: 'tag:search.twitter.com,2005:160818550548873218',
       postedTime: 1327177104,
       updated: 1327177104,
       title: 'I\'m at Rodger\'s Coffee & Tea (3520A 20th St, btw San Carlos & Mission, San Francisco) http://t.co/lzvHO3s6',
       summary: '',
       content: 'I\'m at Rodger\'s Coffee & Tea (3520A 20th St, btw <em>San</em> Carlos & Mission, <em>San</em> <em>Francisco</em>) <a href="http://t.co/lzvHO3s6">http://t.co/lzvHO3s6</a>',
       permalinkUrl: 'http://twitter.com/traviseneix/statuses/160818550548873218',
       image: 'http://a0.twimg.com/profile_images/1536332430/twitprof2_normal.jpg',
       actor: [Object] },
     { id: 'tag:search.twitter.com,2005:160818541954727937',
       postedTime: 1327177102,
       updated: 1327177102,
       title: 'San Francisco, Wichita, Austin http://t.co/5mL4yBzh',
       summary: '',
       content: '<em>San</em> <em>Francisco</em>, Wichita, Austin <a href="http://t.co/5mL4yBzh">http://t.co/5mL4yBzh</a>',
       permalinkUrl: 'http://twitter.com/zloy_dimna/statuses/160818541954727937',
       image: 'http://a1.twimg.com/profile_images/1747327805/625_normal.gif',
       actor: [Object] },
     { id: 'tag:search.twitter.com,2005:160818514817589248',
       postedTime: 1327177096,
       updated: 1327177096,
       title: 'San Francisco, Virginia Beach, Chesapeake http://t.co/xmR4l8aY',
       summary: '',
       content: '<em>San</em> <em>Francisco</em>, Virginia Beach, Chesapeake <a href="http://t.co/xmR4l8aY">http://t.co/xmR4l8aY</a>',
       permalinkUrl: 'http://twitter.com/oxuwunezi/statuses/160818514817589248',
       image: 'http://a1.twimg.com/sticky/default_profile_images/default_profile_6_normal.png',
       actor: [Object] },
     { id: 'tag:search.twitter.com,2005:160818484459212800',
       postedTime: 1327177089,
       updated: 1327177089,
       title: 'Garland, San Francisco, Virginia Beach http://t.co/FMXm5qFw',
       summary: '',
       content: 'Garland, <em>San</em> <em>Francisco</em>, Virginia Beach <a href="http://t.co/FMXm5qFw">http://t.co/FMXm5qFw</a>',
       permalinkUrl: 'http://twitter.com/gexorgisss/statuses/160818484459212800',
       image: 'http://a0.twimg.com/profile_images/1747291665/013_normal.gif',
       actor: [Object] } ] }
173.255.195.228 - - [Sat, 21 Jan 2012 20:19:13 GMT] "POST /hubbub/ HTTP/1.1" 500 - "-" "Superfeedr: Hubbub Notification/1.2 - Your credits balance is : 24868"
{ status: 
   { code: 200,
     http: '17786B in 0.300956593s, 8/8 new entries',
     nextFetch: 1327177244,
     title: 'San Francisco - Twitter Search',
     entriesCountSinceLastMaintenance: 17634,
     period: '90',
     lastFetch: 1327177155,
     lastParse: 1327177155,
     lastMaintenanceAt: 1215824721,
     digest: false,
     feed: 'http://search.twitter.com/search.atom?q=San+Francisco' },
  updated: 1327177155,
  id: 'http://search.twitter.com/search.atom?q=San+Francisco',
  title: 'San Francisco - Twitter Search',
  subtitle: '',
  standardLinks: 
   { self: [ [Object] ],
     search: [ [Object] ],
     refresh: [ [Object] ],
     next: [ [Object] ] },
  permalinkUrl: 'http://search.twitter.com/search?q=San+Francisco',
  items: 
   [ { id: 'tag:search.twitter.com,2005:160818638859935746',
       postedTime: 1327177126,
       updated: 1327177126,
       title: 'RT @ivanpirela: La Comedia-Conferencia para parejas "La Armonía en el Hogar" llega a San Francisco este 4/02 5PM. En la sede de @VidaAbundan7e 0416-5614902',
       summary: '',
       content: 'RT @<a class=" " href="http://twitter.com/ivanpirela">ivanpirela</a>: La Comedia-Conferencia para parejas "La Armonía en el Hogar" llega a <em>San</em> <em>Francisco</em> este 4/02 5PM. En la sede de @<a class=" " href="http://twitter.com/VidaAbundan7e">VidaAbundan7e</a> 0416-5614902',
       permalinkUrl: 'http://twitter.com/VidaAbundan7e/statuses/160818638859935746',
       image: 'http://a0.twimg.com/profile_images/1677162470/LOGOTIPO_VIDA_ABUNDANTE_normal.jpg',
       actor: [Object] },
     { id: 'tag:search.twitter.com,2005:160818607411052544',
       postedTime: 1327177118,
       updated: 1327177118,
       title: 'http://t.co/QvwFgAEb Stapleton: Franklin Lakes native Blake Costanzo special in San Francisco',
       summary: '',
       content: '<a href="http://t.co/QvwFgAEb">http://t.co/QvwFgAEb</a> Stapleton: Franklin Lakes native Blake Costanzo special in <em>San</em> <em>Francisco</em>',
       permalinkUrl: 'http://twitter.com/JadeClemtop/statuses/160818607411052544',
       image: 'http://a1.twimg.com/profile_images/1308038919/avatar-christmas-63-1_normal.jpg',
       actor: [Object] },
     { id: 'tag:search.twitter.com,2005:160818574137638915',
       postedTime: 1327177110,
       updated: 1327177110,
       title: 'I\'m sold on San Francisco from watching The Layover episode, thanks @NoReservations',
       summary: '',
       content: 'I\'m sold on <em>San</em> <em>Francisco</em> from watching The Layover episode, thanks @<a class=" " href="http://twitter.com/NoReservations">NoReservations</a>',
       permalinkUrl: 'http://twitter.com/jarrodcohen/statuses/160818574137638915',
       image: 'http://a2.twimg.com/profile_images/1510435585/image_normal.jpg',
       actor: [Object] },
     { id: 'tag:search.twitter.com,2005:160818570580869120',
       postedTime: 1327177109,
       updated: 1327177109,
       title: 'RT @Rachel__Nichols: I know the forecast is for rain again tomorrow, but right now, wow, is it beautiful in San Francisco http://t.co/pFQBrzWt',
       summary: '',
       content: 'RT @<a class=" " href="http://twitter.com/Rachel__Nichols">Rachel__Nichols</a>: I know the forecast is for rain again tomorrow, but right now, wow, is it beautiful in <em>San</em> <em>Francisco</em> <a href="http://t.co/pFQBrzWt">http://t.co/pFQBrzWt</a>',
       permalinkUrl: 'http://twitter.com/TheBahamianPeon/statuses/160818570580869120',
       image: 'http://a3.twimg.com/profile_images/1728816193/VNzfaCUF_normal',
       actor: [Object] },
     { id: 'tag:search.twitter.com,2005:160818546996293632',
       postedTime: 1327177104,
       updated: 1327177104,
       title: 'RT @AnonyOps: Heroic Occupiers in San Francisco Shut Down Bank of America for 10 Hours http://t.co/FXLLKXhC #osf #owswest #ows',
       summary: '',
       content: 'RT @<a class=" " href="http://twitter.com/AnonyOps">AnonyOps</a>: Heroic Occupiers in <em>San</em> <em>Francisco</em> Shut Down Bank of America for 10 Hours <a href="http://t.co/FXLLKXhC">http://t.co/FXLLKXhC</a> <a href="http://search.twitter.com/search?q=%23osf" title="#osf" class=" ">#osf</a> <a href="http://search.twitter.com/search?q=%23owswest" title="#owswest" class=" ">#owswest</a> <a href="http://search.twitter.com/search?q=%23ows" title="#ows" class=" ">#ows</a>',
       permalinkUrl: 'http://twitter.com/rntasa/statuses/160818546996293632',
       image: 'http://a3.twimg.com/profile_images/1386289688/10-17-2010_12_02_16PM_normal.jpg',
       actor: [Object] },
     { id: 'tag:search.twitter.com,2005:160818541451427841',
       postedTime: 1327177102,
       updated: 1327177102,
       title: 'They were amazingRT@AnonyOps: Heroic Occupiers in San Francisco Shut Down B of A for 10 Hours http://t.co/1UJHafyo #osf #owswest #ows',
       summary: '',
       content: 'They were amazingRT@<a class=" " href="http://twitter.com/AnonyOps">AnonyOps</a>: Heroic Occupiers in <em>San</em> <em>Francisco</em> Shut Down B of A for 10 Hours <a href="http://t.co/1UJHafyo">http://t.co/1UJHafyo</a> <a href="http://search.twitter.com/search?q=%23osf" title="#osf" class=" ">#osf</a> <a href="http://search.twitter.com/search?q=%23owswest" title="#owswest" class=" ">#owswest</a> <a href="http://search.twitter.com/search?q=%23ows" title="#ows" class=" ">#ows</a>',
       permalinkUrl: 'http://twitter.com/SFBikeCavalry/statuses/160818541451427841',
       image: 'http://a1.twimg.com/profile_images/1634414704/sfbk_normal.jpg',
       actor: [Object] },
     { id: 'tag:search.twitter.com,2005:160818505854361600',
       postedTime: 1327177094,
       updated: 1327177094,
       title: '@frenchiiewendia yeah it is I\'m excited I will be in LA instead of San Francisco',
       summary: '',
       content: '@<a class=" " href="http://twitter.com/frenchiiewendia">frenchiiewendia</a> yeah it is I\'m excited I will be in LA instead of <em>San</em> <em>Francisco</em>',
       permalinkUrl: 'http://twitter.com/ICY_TWAN/statuses/160818505854361600',
       image: 'http://a2.twimg.com/profile_images/1771253651/image_normal.jpg',
       actor: [Object] },
     { id: 'tag:search.twitter.com,2005:160818479337963520',
       postedTime: 1327177087,
       updated: 1327177087,
       title: 'RT @FuckBlackTwiter: Wait. Minimum wage in San Francisco got raised to $10.24? Wow. It\'s a great time to be a Mexican.',
       summary: '',
       content: 'RT @<a class=" " href="http://twitter.com/FuckBlackTwiter">FuckBlackTwiter</a>: Wait. Minimum wage in <em>San</em> <em>Francisco</em> got raised to $10.24? Wow. It\'s a great time to be a Mexican.',
       permalinkUrl: 'http://twitter.com/gasminejary/statuses/160818479337963520',
       image: 'http://a3.twimg.com/profile_images/1721220832/W1H0e2PL_normal',
       actor: [Object] } ] }
173.255.195.145 - - [Sat, 21 Jan 2012 20:19:14 GMT] "POST /hubbub/ HTTP/1.1" 500 - "-" "Superfeedr: Hubbub Notification/1.2 - Your credits balance is : 24867"
{ status: 
   { code: 200,
     http: '17786B in 0.300956593s, 7/15 new entries',
     nextFetch: 1327177249,
     title: 'San Francisco - Twitter Search',
     entriesCountSinceLastMaintenance: 17626,
     period: '90',
     lastFetch: 1327177155,
     lastParse: 1327177155,
     lastMaintenanceAt: 1215824721,
     digest: false,
     feed: 'http://search.twitter.com/search.atom?q=San+Francisco' },
  updated: 1327177155,
  id: 'http://search.twitter.com/search.atom?q=San+Francisco',
  title: 'San Francisco - Twitter Search',
  subtitle: '',
  standardLinks: 
   { self: [ [Object] ],
     search: [ [Object] ],
     refresh: [ [Object] ],
     next: [ [Object] ] },
  permalinkUrl: 'http://search.twitter.com/search?q=San+Francisco',
  items: 
   [ { id: 'tag:search.twitter.com,2005:160818620010725377',
       postedTime: 1327177121,
       updated: 1327177121,
       title: 'RT @alexaquino: Releases today at BLACK SCALE San Francisco http://t.co/7ifkNbtx',
       summary: '',
       content: 'RT @<a class=" " href="http://twitter.com/alexaquino">alexaquino</a>: Releases today at BLACK SCALE <em>San</em> <em>Francisco</em> <a href="http://t.co/7ifkNbtx">http://t.co/7ifkNbtx</a>',
       permalinkUrl: 'http://twitter.com/papalote415/statuses/160818620010725377',
       image: 'http://a2.twimg.com/profile_images/1746882898/image_normal.jpg',
       actor: [Object] },
     { id: 'tag:search.twitter.com,2005:160818603107692544',
       postedTime: 1327177117,
       updated: 1327177117,
       title: 'http://t.co/IfQH2idX TV nostalgia bonus points for my San Francisco address for the weekend. Stoop included! #277',
       summary: '',
       content: '<a href="http://t.co/IfQH2idX">http://t.co/IfQH2idX</a> TV nostalgia bonus points for my <em>San</em> <em>Francisco</em> address for the weekend. Stoop included! #277',
       permalinkUrl: 'http://twitter.com/CleftClips/statuses/160818603107692544',
       image: 'http://a1.twimg.com/profile_images/1744790896/2012-01-09-16-40-00-334_normal.jpg',
       actor: [Object] },
     { id: 'tag:search.twitter.com,2005:160818572149526528',
       postedTime: 1327177110,
       updated: 1327177110,
       title: 'finally at san francisco. crossing the bay bridge.',
       summary: '',
       content: 'finally at <em>san</em> <em>francisco</em>. crossing the bay bridge.',
       permalinkUrl: 'http://twitter.com/yoselinlopez/statuses/160818572149526528',
       image: 'http://a2.twimg.com/profile_images/1759910287/me_and_doris__normal.jpg',
       actor: [Object] },
     { id: 'tag:search.twitter.com,2005:160818550548873218',
       postedTime: 1327177104,
       updated: 1327177104,
       title: 'I\'m at Rodger\'s Coffee & Tea (3520A 20th St, btw San Carlos & Mission, San Francisco) http://t.co/lzvHO3s6',
       summary: '',
       content: 'I\'m at Rodger\'s Coffee & Tea (3520A 20th St, btw <em>San</em> Carlos & Mission, <em>San</em> <em>Francisco</em>) <a href="http://t.co/lzvHO3s6">http://t.co/lzvHO3s6</a>',
       permalinkUrl: 'http://twitter.com/traviseneix/statuses/160818550548873218',
       image: 'http://a0.twimg.com/profile_images/1536332430/twitprof2_normal.jpg',
       actor: [Object] },
     { id: 'tag:search.twitter.com,2005:160818541954727937',
       postedTime: 1327177102,
       updated: 1327177102,
       title: 'San Francisco, Wichita, Austin http://t.co/5mL4yBzh',
       summary: '',
       content: '<em>San</em> <em>Francisco</em>, Wichita, Austin <a href="http://t.co/5mL4yBzh">http://t.co/5mL4yBzh</a>',
       permalinkUrl: 'http://twitter.com/zloy_dimna/statuses/160818541954727937',
       image: 'http://a1.twimg.com/profile_images/1747327805/625_normal.gif',
       actor: [Object] },
     { id: 'tag:search.twitter.com,2005:160818514817589248',
       postedTime: 1327177096,
       updated: 1327177096,
       title: 'San Francisco, Virginia Beach, Chesapeake http://t.co/xmR4l8aY',
       summary: '',
       content: '<em>San</em> <em>Francisco</em>, Virginia Beach, Chesapeake <a href="http://t.co/xmR4l8aY">http://t.co/xmR4l8aY</a>',
       permalinkUrl: 'http://twitter.com/oxuwunezi/statuses/160818514817589248',
       image: 'http://a1.twimg.com/sticky/default_profile_images/default_profile_6_normal.png',
       actor: [Object] },
     { id: 'tag:search.twitter.com,2005:160818484459212800',
       postedTime: 1327177089,
       updated: 1327177089,
       title: 'Garland, San Francisco, Virginia Beach http://t.co/FMXm5qFw',
       summary: '',
       content: 'Garland, <em>San</em> <em>Francisco</em>, Virginia Beach <a href="http://t.co/FMXm5qFw">http://t.co/FMXm5qFw</a>',
       permalinkUrl: 'http://twitter.com/gexorgisss/statuses/160818484459212800',
       image: 'http://a0.twimg.com/profile_images/1747291665/013_normal.gif',
       actor: [Object] } ] }
173.255.195.228 - - [Sat, 21 Jan 2012 20:19:18 GMT] "POST /hubbub/ HTTP/1.1" 500 - "-" "Superfeedr: Hubbub Notification/1.2 - Your credits balance is : 24868"
{ status: 
   { code: 200,
     http: '17786B in 0.300956593s, 8/8 new entries',
     nextFetch: 1327177244,
     title: 'San Francisco - Twitter Search',
     entriesCountSinceLastMaintenance: 17634,
     period: '90',
     lastFetch: 1327177155,
     lastParse: 1327177155,
     lastMaintenanceAt: 1215824721,
     digest: false,
     feed: 'http://search.twitter.com/search.atom?q=San+Francisco' },
  updated: 1327177155,
  id: 'http://search.twitter.com/search.atom?q=San+Francisco',
  title: 'San Francisco - Twitter Search',
  subtitle: '',
  standardLinks: 
   { self: [ [Object] ],
     search: [ [Object] ],
     refresh: [ [Object] ],
     next: [ [Object] ] },
  permalinkUrl: 'http://search.twitter.com/search?q=San+Francisco',
  items: 
   [ { id: 'tag:search.twitter.com,2005:160818638859935746',
       postedTime: 1327177126,
       updated: 1327177126,
       title: 'RT @ivanpirela: La Comedia-Conferencia para parejas "La Armonía en el Hogar" llega a San Francisco este 4/02 5PM. En la sede de @VidaAbundan7e 0416-5614902',
       summary: '',
       content: 'RT @<a class=" " href="http://twitter.com/ivanpirela">ivanpirela</a>: La Comedia-Conferencia para parejas "La Armonía en el Hogar" llega a <em>San</em> <em>Francisco</em> este 4/02 5PM. En la sede de @<a class=" " href="http://twitter.com/VidaAbundan7e">VidaAbundan7e</a> 0416-5614902',
       permalinkUrl: 'http://twitter.com/VidaAbundan7e/statuses/160818638859935746',
       image: 'http://a0.twimg.com/profile_images/1677162470/LOGOTIPO_VIDA_ABUNDANTE_normal.jpg',
       actor: [Object] },
     { id: 'tag:search.twitter.com,2005:160818607411052544',
       postedTime: 1327177118,
       updated: 1327177118,
       title: 'http://t.co/QvwFgAEb Stapleton: Franklin Lakes native Blake Costanzo special in San Francisco',
       summary: '',
       content: '<a href="http://t.co/QvwFgAEb">http://t.co/QvwFgAEb</a> Stapleton: Franklin Lakes native Blake Costanzo special in <em>San</em> <em>Francisco</em>',
       permalinkUrl: 'http://twitter.com/JadeClemtop/statuses/160818607411052544',
       image: 'http://a1.twimg.com/profile_images/1308038919/avatar-christmas-63-1_normal.jpg',
       actor: [Object] },
     { id: 'tag:search.twitter.com,2005:160818574137638915',
       postedTime: 1327177110,
       updated: 1327177110,
       title: 'I\'m sold on San Francisco from watching The Layover episode, thanks @NoReservations',
       summary: '',
       content: 'I\'m sold on <em>San</em> <em>Francisco</em> from watching The Layover episode, thanks @<a class=" " href="http://twitter.com/NoReservations">NoReservations</a>',
       permalinkUrl: 'http://twitter.com/jarrodcohen/statuses/160818574137638915',
       image: 'http://a2.twimg.com/profile_images/1510435585/image_normal.jpg',
       actor: [Object] },
     { id: 'tag:search.twitter.com,2005:160818570580869120',
       postedTime: 1327177109,
       updated: 1327177109,
       title: 'RT @Rachel__Nichols: I know the forecast is for rain again tomorrow, but right now, wow, is it beautiful in San Francisco http://t.co/pFQBrzWt',
       summary: '',
       content: 'RT @<a class=" " href="http://twitter.com/Rachel__Nichols">Rachel__Nichols</a>: I know the forecast is for rain again tomorrow, but right now, wow, is it beautiful in <em>San</em> <em>Francisco</em> <a href="http://t.co/pFQBrzWt">http://t.co/pFQBrzWt</a>',
       permalinkUrl: 'http://twitter.com/TheBahamianPeon/statuses/160818570580869120',
       image: 'http://a3.twimg.com/profile_images/1728816193/VNzfaCUF_normal',
       actor: [Object] },
     { id: 'tag:search.twitter.com,2005:160818546996293632',
       postedTime: 1327177104,
       updated: 1327177104,
       title: 'RT @AnonyOps: Heroic Occupiers in San Francisco Shut Down Bank of America for 10 Hours http://t.co/FXLLKXhC #osf #owswest #ows',
       summary: '',
       content: 'RT @<a class=" " href="http://twitter.com/AnonyOps">AnonyOps</a>: Heroic Occupiers in <em>San</em> <em>Francisco</em> Shut Down Bank of America for 10 Hours <a href="http://t.co/FXLLKXhC">http://t.co/FXLLKXhC</a> <a href="http://search.twitter.com/search?q=%23osf" title="#osf" class=" ">#osf</a> <a href="http://search.twitter.com/search?q=%23owswest" title="#owswest" class=" ">#owswest</a> <a href="http://search.twitter.com/search?q=%23ows" title="#ows" class=" ">#ows</a>',
       permalinkUrl: 'http://twitter.com/rntasa/statuses/160818546996293632',
       image: 'http://a3.twimg.com/profile_images/1386289688/10-17-2010_12_02_16PM_normal.jpg',
       actor: [Object] },
     { id: 'tag:search.twitter.com,2005:160818541451427841',
       postedTime: 1327177102,
       updated: 1327177102,
       title: 'They were amazingRT@AnonyOps: Heroic Occupiers in San Francisco Shut Down B of A for 10 Hours http://t.co/1UJHafyo #osf #owswest #ows',
       summary: '',
       content: 'They were amazingRT@<a class=" " href="http://twitter.com/AnonyOps">AnonyOps</a>: Heroic Occupiers in <em>San</em> <em>Francisco</em> Shut Down B of A for 10 Hours <a href="http://t.co/1UJHafyo">http://t.co/1UJHafyo</a> <a href="http://search.twitter.com/search?q=%23osf" title="#osf" class=" ">#osf</a> <a href="http://search.twitter.com/search?q=%23owswest" title="#owswest" class=" ">#owswest</a> <a href="http://search.twitter.com/search?q=%23ows" title="#ows" class=" ">#ows</a>',
       permalinkUrl: 'http://twitter.com/SFBikeCavalry/statuses/160818541451427841',
       image: 'http://a1.twimg.com/profile_images/1634414704/sfbk_normal.jpg',
       actor: [Object] },
     { id: 'tag:search.twitter.com,2005:160818505854361600',
       postedTime: 1327177094,
       updated: 1327177094,
       title: '@frenchiiewendia yeah it is I\'m excited I will be in LA instead of San Francisco',
       summary: '',
       content: '@<a class=" " href="http://twitter.com/frenchiiewendia">frenchiiewendia</a> yeah it is I\'m excited I will be in LA instead of <em>San</em> <em>Francisco</em>',
       permalinkUrl: 'http://twitter.com/ICY_TWAN/statuses/160818505854361600',
       image: 'http://a2.twimg.com/profile_images/1771253651/image_normal.jpg',
       actor: [Object] },
     { id: 'tag:search.twitter.com,2005:160818479337963520',
       postedTime: 1327177087,
       updated: 1327177087,
       title: 'RT @FuckBlackTwiter: Wait. Minimum wage in San Francisco got raised to $10.24? Wow. It\'s a great time to be a Mexican.',
       summary: '',
       content: 'RT @<a class=" " href="http://twitter.com/FuckBlackTwiter">FuckBlackTwiter</a>: Wait. Minimum wage in <em>San</em> <em>Francisco</em> got raised to $10.24? Wow. It\'s a great time to be a Mexican.',
       permalinkUrl: 'http://twitter.com/gasminejary/statuses/160818479337963520',
       image: 'http://a3.twimg.com/profile_images/1721220832/W1H0e2PL_normal',
       actor: [Object] } ] }
173.255.195.145 - - [Sat, 21 Jan 2012 20:19:18 GMT] "POST /hubbub/ HTTP/1.1" 500 - "-" "Superfeedr: Hubbub Notification/1.2 - Your credits balance is : 24867"
{ status: 
   { code: 200,
     http: '17786B in 0.300956593s, 7/15 new entries',
     nextFetch: 1327177249,
     title: 'San Francisco - Twitter Search',
     entriesCountSinceLastMaintenance: 17626,
     period: '90',
     lastFetch: 1327177155,
     lastParse: 1327177155,
     lastMaintenanceAt: 1215824721,
     digest: false,
     feed: 'http://search.twitter.com/search.atom?q=San+Francisco' },
  updated: 1327177155,
  id: 'http://search.twitter.com/search.atom?q=San+Francisco',
  title: 'San Francisco - Twitter Search',
  subtitle: '',
  standardLinks: 
   { self: [ [Object] ],
     search: [ [Object] ],
     refresh: [ [Object] ],
     next: [ [Object] ] },
  permalinkUrl: 'http://search.twitter.com/search?q=San+Francisco',
  items: 
   [ { id: 'tag:search.twitter.com,2005:160818620010725377',
       postedTime: 1327177121,
       updated: 1327177121,
       title: 'RT @alexaquino: Releases today at BLACK SCALE San Francisco http://t.co/7ifkNbtx',
       summary: '',
       content: 'RT @<a class=" " href="http://twitter.com/alexaquino">alexaquino</a>: Releases today at BLACK SCALE <em>San</em> <em>Francisco</em> <a href="http://t.co/7ifkNbtx">http://t.co/7ifkNbtx</a>',
       permalinkUrl: 'http://twitter.com/papalote415/statuses/160818620010725377',
       image: 'http://a2.twimg.com/profile_images/1746882898/image_normal.jpg',
       actor: [Object] },
     { id: 'tag:search.twitter.com,2005:160818603107692544',
       postedTime: 1327177117,
       updated: 1327177117,
       title: 'http://t.co/IfQH2idX TV nostalgia bonus points for my San Francisco address for the weekend. Stoop included! #277',
       summary: '',
       content: '<a href="http://t.co/IfQH2idX">http://t.co/IfQH2idX</a> TV nostalgia bonus points for my <em>San</em> <em>Francisco</em> address for the weekend. Stoop included! #277',
       permalinkUrl: 'http://twitter.com/CleftClips/statuses/160818603107692544',
       image: 'http://a1.twimg.com/profile_images/1744790896/2012-01-09-16-40-00-334_normal.jpg',
       actor: [Object] },
     { id: 'tag:search.twitter.com,2005:160818572149526528',
       postedTime: 1327177110,
       updated: 1327177110,
       title: 'finally at san francisco. crossing the bay bridge.',
       summary: '',
       content: 'finally at <em>san</em> <em>francisco</em>. crossing the bay bridge.',
       permalinkUrl: 'http://twitter.com/yoselinlopez/statuses/160818572149526528',
       image: 'http://a2.twimg.com/profile_images/1759910287/me_and_doris__normal.jpg',
       actor: [Object] },
     { id: 'tag:search.twitter.com,2005:160818550548873218',
       postedTime: 1327177104,
       updated: 1327177104,
       title: 'I\'m at Rodger\'s Coffee & Tea (3520A 20th St, btw San Carlos & Mission, San Francisco) http://t.co/lzvHO3s6',
       summary: '',
       content: 'I\'m at Rodger\'s Coffee & Tea (3520A 20th St, btw <em>San</em> Carlos & Mission, <em>San</em> <em>Francisco</em>) <a href="http://t.co/lzvHO3s6">http://t.co/lzvHO3s6</a>',
       permalinkUrl: 'http://twitter.com/traviseneix/statuses/160818550548873218',
       image: 'http://a0.twimg.com/profile_images/1536332430/twitprof2_normal.jpg',
       actor: [Object] },
     { id: 'tag:search.twitter.com,2005:160818541954727937',
       postedTime: 1327177102,
       updated: 1327177102,
       title: 'San Francisco, Wichita, Austin http://t.co/5mL4yBzh',
       summary: '',
       content: '<em>San</em> <em>Francisco</em>, Wichita, Austin <a href="http://t.co/5mL4yBzh">http://t.co/5mL4yBzh</a>',
       permalinkUrl: 'http://twitter.com/zloy_dimna/statuses/160818541954727937',
       image: 'http://a1.twimg.com/profile_images/1747327805/625_normal.gif',
       actor: [Object] },
     { id: 'tag:search.twitter.com,2005:160818514817589248',
       postedTime: 1327177096,
       updated: 1327177096,
       title: 'San Francisco, Virginia Beach, Chesapeake http://t.co/xmR4l8aY',
       summary: '',
       content: '<em>San</em> <em>Francisco</em>, Virginia Beach, Chesapeake <a href="http://t.co/xmR4l8aY">http://t.co/xmR4l8aY</a>',
       permalinkUrl: 'http://twitter.com/oxuwunezi/statuses/160818514817589248',
       image: 'http://a1.twimg.com/sticky/default_profile_images/default_profile_6_normal.png',
       actor: [Object] },
     { id: 'tag:search.twitter.com,2005:160818484459212800',
       postedTime: 1327177089,
       updated: 1327177089,
       title: 'Garland, San Francisco, Virginia Beach http://t.co/FMXm5qFw',
       summary: '',
       content: 'Garland, <em>San</em> <em>Francisco</em>, Virginia Beach <a href="http://t.co/FMXm5qFw">http://t.co/FMXm5qFw</a>',
       permalinkUrl: 'http://twitter.com/gexorgisss/statuses/160818484459212800',
       image: 'http://a0.twimg.com/profile_images/1747291665/013_normal.gif',
       actor: [Object] } ] }
173.255.195.228 - - [Sat, 21 Jan 2012 20:19:34 GMT] "POST /hubbub/ HTTP/1.1" 500 - "-" "Superfeedr: Hubbub Notification/1.2 - Your credits balance is : 24868"
{ status: 
   { code: 200,
     http: '17786B in 0.300956593s, 8/8 new entries',
     nextFetch: 1327177244,
     title: 'San Francisco - Twitter Search',
     entriesCountSinceLastMaintenance: 17634,
     period: '90',
     lastFetch: 1327177155,
     lastParse: 1327177155,
     lastMaintenanceAt: 1215824721,
     digest: false,
     feed: 'http://search.twitter.com/search.atom?q=San+Francisco' },
  updated: 1327177155,
  id: 'http://search.twitter.com/search.atom?q=San+Francisco',
  title: 'San Francisco - Twitter Search',
  subtitle: '',
  standardLinks: 
   { self: [ [Object] ],
     search: [ [Object] ],
     refresh: [ [Object] ],
     next: [ [Object] ] },
  permalinkUrl: 'http://search.twitter.com/search?q=San+Francisco',
  items: 
   [ { id: 'tag:search.twitter.com,2005:160818638859935746',
       postedTime: 1327177126,
       updated: 1327177126,
       title: 'RT @ivanpirela: La Comedia-Conferencia para parejas "La Armonía en el Hogar" llega a San Francisco este 4/02 5PM. En la sede de @VidaAbundan7e 0416-5614902',
       summary: '',
       content: 'RT @<a class=" " href="http://twitter.com/ivanpirela">ivanpirela</a>: La Comedia-Conferencia para parejas "La Armonía en el Hogar" llega a <em>San</em> <em>Francisco</em> este 4/02 5PM. En la sede de @<a class=" " href="http://twitter.com/VidaAbundan7e">VidaAbundan7e</a> 0416-5614902',
       permalinkUrl: 'http://twitter.com/VidaAbundan7e/statuses/160818638859935746',
       image: 'http://a0.twimg.com/profile_images/1677162470/LOGOTIPO_VIDA_ABUNDANTE_normal.jpg',
       actor: [Object] },
     { id: 'tag:search.twitter.com,2005:160818607411052544',
       postedTime: 1327177118,
       updated: 1327177118,
       title: 'http://t.co/QvwFgAEb Stapleton: Franklin Lakes native Blake Costanzo special in San Francisco',
       summary: '',
       content: '<a href="http://t.co/QvwFgAEb">http://t.co/QvwFgAEb</a> Stapleton: Franklin Lakes native Blake Costanzo special in <em>San</em> <em>Francisco</em>',
       permalinkUrl: 'http://twitter.com/JadeClemtop/statuses/160818607411052544',
       image: 'http://a1.twimg.com/profile_images/1308038919/avatar-christmas-63-1_normal.jpg',
       actor: [Object] },
     { id: 'tag:search.twitter.com,2005:160818574137638915',
       postedTime: 1327177110,
       updated: 1327177110,
       title: 'I\'m sold on San Francisco from watching The Layover episode, thanks @NoReservations',
       summary: '',
       content: 'I\'m sold on <em>San</em> <em>Francisco</em> from watching The Layover episode, thanks @<a class=" " href="http://twitter.com/NoReservations">NoReservations</a>',
       permalinkUrl: 'http://twitter.com/jarrodcohen/statuses/160818574137638915',
       image: 'http://a2.twimg.com/profile_images/1510435585/image_normal.jpg',
       actor: [Object] },
     { id: 'tag:search.twitter.com,2005:160818570580869120',
       postedTime: 1327177109,
       updated: 1327177109,
       title: 'RT @Rachel__Nichols: I know the forecast is for rain again tomorrow, but right now, wow, is it beautiful in San Francisco http://t.co/pFQBrzWt',
       summary: '',
       content: 'RT @<a class=" " href="http://twitter.com/Rachel__Nichols">Rachel__Nichols</a>: I know the forecast is for rain again tomorrow, but right now, wow, is it beautiful in <em>San</em> <em>Francisco</em> <a href="http://t.co/pFQBrzWt">http://t.co/pFQBrzWt</a>',
       permalinkUrl: 'http://twitter.com/TheBahamianPeon/statuses/160818570580869120',
       image: 'http://a3.twimg.com/profile_images/1728816193/VNzfaCUF_normal',
       actor: [Object] },
     { id: 'tag:search.twitter.com,2005:160818546996293632',
       postedTime: 1327177104,
       updated: 1327177104,
       title: 'RT @AnonyOps: Heroic Occupiers in San Francisco Shut Down Bank of America for 10 Hours http://t.co/FXLLKXhC #osf #owswest #ows',
       summary: '',
       content: 'RT @<a class=" " href="http://twitter.com/AnonyOps">AnonyOps</a>: Heroic Occupiers in <em>San</em> <em>Francisco</em> Shut Down Bank of America for 10 Hours <a href="http://t.co/FXLLKXhC">http://t.co/FXLLKXhC</a> <a href="http://search.twitter.com/search?q=%23osf" title="#osf" class=" ">#osf</a> <a href="http://search.twitter.com/search?q=%23owswest" title="#owswest" class=" ">#owswest</a> <a href="http://search.twitter.com/search?q=%23ows" title="#ows" class=" ">#ows</a>',
       permalinkUrl: 'http://twitter.com/rntasa/statuses/160818546996293632',
       image: 'http://a3.twimg.com/profile_images/1386289688/10-17-2010_12_02_16PM_normal.jpg',
       actor: [Object] },
     { id: 'tag:search.twitter.com,2005:160818541451427841',
       postedTime: 1327177102,
       updated: 1327177102,
       title: 'They were amazingRT@AnonyOps: Heroic Occupiers in San Francisco Shut Down B of A for 10 Hours http://t.co/1UJHafyo #osf #owswest #ows',
       summary: '',
       content: 'They were amazingRT@<a class=" " href="http://twitter.com/AnonyOps">AnonyOps</a>: Heroic Occupiers in <em>San</em> <em>Francisco</em> Shut Down B of A for 10 Hours <a href="http://t.co/1UJHafyo">http://t.co/1UJHafyo</a> <a href="http://search.twitter.com/search?q=%23osf" title="#osf" class=" ">#osf</a> <a href="http://search.twitter.com/search?q=%23owswest" title="#owswest" class=" ">#owswest</a> <a href="http://search.twitter.com/search?q=%23ows" title="#ows" class=" ">#ows</a>',
       permalinkUrl: 'http://twitter.com/SFBikeCavalry/statuses/160818541451427841',
       image: 'http://a1.twimg.com/profile_images/1634414704/sfbk_normal.jpg',
       actor: [Object] },
     { id: 'tag:search.twitter.com,2005:160818505854361600',
       postedTime: 1327177094,
       updated: 1327177094,
       title: '@frenchiiewendia yeah it is I\'m excited I will be in LA instead of San Francisco',
       summary: '',
       content: '@<a class=" " href="http://twitter.com/frenchiiewendia">frenchiiewendia</a> yeah it is I\'m excited I will be in LA instead of <em>San</em> <em>Francisco</em>',
       permalinkUrl: 'http://twitter.com/ICY_TWAN/statuses/160818505854361600',
       image: 'http://a2.twimg.com/profile_images/1771253651/image_normal.jpg',
       actor: [Object] },
     { id: 'tag:search.twitter.com,2005:160818479337963520',
       postedTime: 1327177087,
       updated: 1327177087,
       title: 'RT @FuckBlackTwiter: Wait. Minimum wage in San Francisco got raised to $10.24? Wow. It\'s a great time to be a Mexican.',
       summary: '',
       content: 'RT @<a class=" " href="http://twitter.com/FuckBlackTwiter">FuckBlackTwiter</a>: Wait. Minimum wage in <em>San</em> <em>Francisco</em> got raised to $10.24? Wow. It\'s a great time to be a Mexican.',
       permalinkUrl: 'http://twitter.com/gasminejary/statuses/160818479337963520',
       image: 'http://a3.twimg.com/profile_images/1721220832/W1H0e2PL_normal',
       actor: [Object] } ] }
173.255.195.145 - - [Sat, 21 Jan 2012 20:19:34 GMT] "POST /hubbub/ HTTP/1.1" 500 - "-" "Superfeedr: Hubbub Notification/1.2 - Your credits balance is : 24867"
2a720720b317cbd9331917c8d9c651fd
173.255.195.247 - - [Sat, 21 Jan 2012 20:19:43 GMT] "GET /hubbub/?hub.challenge=2a720720b317cbd9331917c8d9c651fd&hub.mode=unsubscribe&hub.topic=http%3A%2F%2Fsearch.twitter.com%2Fsearch.atom%3Fq%3DSan%2BFrancisco&hub.verify_token=please_put1random_string HTTP/1.1" 200 32 "-" "Superfeedr: Hub URI extractor/1.0"
